[ 2015-12-23 08:59:02 (CST) ]  WARNING:  implode(): Invalid arguments passed  E:\Work Station\WEB\PHP\sj\tpcms2.2\WebFTP\index.php  第472行  
[ 2015-12-23 09:20:07 (CST) ]  NOTICE:  Use of undefined constant WF_REAL_ROOT_PATH - assumed 'WF_REAL_ROOT_PATH'  E:\Work Station\WEB\PHP\sj\tpcms2.2\WebFTP\index.php  第16行  
[ 2015-12-23 09:20:11 (CST) ]  NOTICE:  Use of undefined constant WF_REAL_ROOT_PATH - assumed 'WF_REAL_ROOT_PATH'  E:\Work Station\WEB\PHP\sj\tpcms2.2\WebFTP\index.php  第16行  
[ 2015-12-23 09:20:23 (CST) ]  NOTICE:  Use of undefined constant WF_REAL_ROOT_PATH - assumed 'WF_REAL_ROOT_PATH'  E:\Work Station\WEB\PHP\sj\tpcms2.2\WebFTP\index.php  第16行  
[ 2015-12-23 09:20:25 (CST) ]  NOTICE:  Use of undefined constant WF_REAL_ROOT_PATH - assumed 'WF_REAL_ROOT_PATH'  E:\Work Station\WEB\PHP\sj\tpcms2.2\WebFTP\index.php  第16行  
[ 2015-12-23 09:20:27 (CST) ]  NOTICE:  Use of undefined constant WF_REAL_ROOT_PATH - assumed 'WF_REAL_ROOT_PATH'  E:\Work Station\WEB\PHP\sj\tpcms2.2\WebFTP\index.php  第16行  
[ 2015-12-23 09:20:29 (CST) ]  NOTICE:  Use of undefined constant WF_REAL_ROOT_PATH - assumed 'WF_REAL_ROOT_PATH'  E:\Work Station\WEB\PHP\sj\tpcms2.2\WebFTP\index.php  第16行  
[ 2015-12-23 09:39:03 (CST) ]  NOTICE:  Use of undefined constant WF_REAL_ROOT_PATH - assumed 'WF_REAL_ROOT_PATH'  E:\Work Station\WEB\PHP\sj\tpcms2.2\WebFTP\core\AuthLocal.class.php  第59行  
[ 2015-12-23 09:40:36 (CST) ]  NOTICE:  Use of undefined constant WF_REAL_ROOT_PATH - assumed 'WF_REAL_ROOT_PATH'  E:\Work Station\WEB\PHP\sj\tpcms2.2\WebFTP\core\AuthLocal.class.php  第59行  
[ 2015-12-23 12:24:10 (CST) ]  WARNING:  implode(): Invalid arguments passed  E:\Work Station\WEB\PHP\sj\tpcms2.2\WebFTP\index.php  第407行  
[ 2015-12-23 12:24:13 (CST) ]  WARNING:  implode(): Invalid arguments passed  E:\Work Station\WEB\PHP\sj\tpcms2.2\WebFTP\index.php  第407行  
[ 2015-12-23 12:27:40 (CST) ]  WARNING:  implode(): Invalid arguments passed  E:\Work Station\WEB\PHP\sj\tpcms2.2\WebFTP\index.php  第407行  
[ 2015-12-23 12:27:41 (CST) ]  WARNING:  in_array() expects parameter 2 to be array, string given  E:\Work Station\WEB\PHP\sj\tpcms2.2\WebFTP\core\AuthLocal.class.php  第23行  
[ 2015-12-23 12:27:41 (CST) ]  WARNING:  in_array() expects parameter 2 to be array, string given  E:\Work Station\WEB\PHP\sj\tpcms2.2\WebFTP\core\AuthLocal.class.php  第23行  
[ 2015-12-23 12:28:03 (CST) ]  WARNING:  implode(): Invalid arguments passed  E:\Work Station\WEB\PHP\sj\tpcms2.2\WebFTP\index.php  第407行  
[ 2015-12-23 12:28:04 (CST) ]  WARNING:  in_array() expects parameter 2 to be array, string given  E:\Work Station\WEB\PHP\sj\tpcms2.2\WebFTP\core\AuthLocal.class.php  第23行  
[ 2015-12-23 12:28:04 (CST) ]  WARNING:  in_array() expects parameter 2 to be array, string given  E:\Work Station\WEB\PHP\sj\tpcms2.2\WebFTP\core\AuthLocal.class.php  第23行  
[ 2015-12-23 12:28:28 (CST) ]  WARNING:  implode(): Invalid arguments passed  E:\Work Station\WEB\PHP\sj\tpcms2.2\WebFTP\index.php  第407行  
[ 2015-12-23 12:28:28 (CST) ]  WARNING:  in_array() expects parameter 2 to be array, string given  E:\Work Station\WEB\PHP\sj\tpcms2.2\WebFTP\core\AuthLocal.class.php  第23行  
[ 2015-12-23 12:28:28 (CST) ]  WARNING:  in_array() expects parameter 2 to be array, string given  E:\Work Station\WEB\PHP\sj\tpcms2.2\WebFTP\core\AuthLocal.class.php  第23行  
[ 2015-12-23 12:29:12 (CST) ]  WARNING:  implode(): Invalid arguments passed  E:\Work Station\WEB\PHP\sj\tpcms2.2\WebFTP\index.php  第407行  
[ 2015-12-23 12:29:13 (CST) ]  WARNING:  in_array() expects parameter 2 to be array, string given  E:\Work Station\WEB\PHP\sj\tpcms2.2\WebFTP\core\AuthLocal.class.php  第23行  
[ 2015-12-23 12:29:13 (CST) ]  WARNING:  in_array() expects parameter 2 to be array, string given  E:\Work Station\WEB\PHP\sj\tpcms2.2\WebFTP\core\AuthLocal.class.php  第23行  
[ 2015-12-23 12:29:37 (CST) ]  WARNING:  implode(): Invalid arguments passed  E:\Work Station\WEB\PHP\sj\tpcms2.2\WebFTP\index.php  第407行  
[ 2015-12-23 12:29:37 (CST) ]  WARNING:  in_array() expects parameter 2 to be array, string given  E:\Work Station\WEB\PHP\sj\tpcms2.2\WebFTP\core\AuthLocal.class.php  第23行  
[ 2015-12-23 12:29:37 (CST) ]  WARNING:  in_array() expects parameter 2 to be array, string given  E:\Work Station\WEB\PHP\sj\tpcms2.2\WebFTP\core\AuthLocal.class.php  第23行  
[ 2015-12-23 12:29:39 (CST) ]  WARNING:  implode(): Invalid arguments passed  E:\Work Station\WEB\PHP\sj\tpcms2.2\WebFTP\index.php  第407行  
[ 2015-12-23 12:29:40 (CST) ]  WARNING:  implode(): Invalid arguments passed  E:\Work Station\WEB\PHP\sj\tpcms2.2\WebFTP\index.php  第407行  
[ 2015-12-23 12:29:40 (CST) ]  WARNING:  in_array() expects parameter 2 to be array, string given  E:\Work Station\WEB\PHP\sj\tpcms2.2\WebFTP\core\AuthLocal.class.php  第23行  
[ 2015-12-23 12:29:40 (CST) ]  WARNING:  in_array() expects parameter 2 to be array, string given  E:\Work Station\WEB\PHP\sj\tpcms2.2\WebFTP\core\AuthLocal.class.php  第23行  
[ 2015-12-23 12:36:44 (CST) ]  WARNING:  json_encode(): Invalid UTF-8 sequence in argument  E:\Work Station\WEB\PHP\sj\tpcms2.2\WebFTP\webftp.php  第290行  
[ 2015-12-23 12:36:48 (CST) ]  WARNING:  json_encode(): Invalid UTF-8 sequence in argument  E:\Work Station\WEB\PHP\sj\tpcms2.2\WebFTP\webftp.php  第290行  
[ 2015-12-23 12:36:50 (CST) ]  WARNING:  json_encode(): Invalid UTF-8 sequence in argument  E:\Work Station\WEB\PHP\sj\tpcms2.2\WebFTP\webftp.php  第290行  
[ 2015-12-23 12:38:53 (CST) ]  WARNING:  json_encode(): Invalid UTF-8 sequence in argument  E:\Work Station\WEB\PHP\sj\tpcms2.2\WebFTP\webftp.php  第290行  
[ 2015-12-23 12:38:58 (CST) ]  WARNING:  json_encode(): Invalid UTF-8 sequence in argument  E:\Work Station\WEB\PHP\sj\tpcms2.2\WebFTP\webftp.php  第290行  
