[ 2016-05-25 14:55:20 (CST) ]  NOTICE:  Undefined index: path  F:\System\work\PHP\SJ\WebFTP\index.php  第11行  
[ 2016-05-25 15:43:04 (CST) ]  NOTICE:  Undefined index: kk  F:\System\work\PHP\SJ\WebFTP\index.php  第17行  
[ 2016-05-25 15:51:26 (CST) ]  NOTICE:  Undefined index: kk  F:\System\work\PHP\SJ\WebFTP\index.php  第17行  
[ 2016-05-25 15:52:11 (CST) ]  NOTICE:  Undefined index: kk  F:\System\work\PHP\SJ\WebFTP\index.php  第17行  
[ 2016-05-25 15:52:11 (CST) ]  NOTICE:  Undefined index: wf_uroot  F:\System\work\PHP\SJ\WebFTP\index.php  第18行  
[ 2016-05-25 15:52:12 (CST) ]  NOTICE:  Undefined index: wf_uroot  F:\System\work\PHP\SJ\WebFTP\webftp.php  第62行  
[ 2016-05-25 15:52:12 (CST) ]  NOTICE:  Undefined index: wf_uroot  F:\System\work\PHP\SJ\WebFTP\webftp.php  第63行  
[ 2016-05-25 15:52:12 (CST) ]  NOTICE:  Undefined index: wf_uroot  F:\System\work\PHP\SJ\WebFTP\webftp.php  第64行  
[ 2016-05-25 15:52:59 (CST) ]  NOTICE:  Undefined index: wf_uroot  F:\System\work\PHP\SJ\WebFTP\index.php  第18行  
[ 2016-05-25 15:52:59 (CST) ]  NOTICE:  Undefined index: wf_uroot  F:\System\work\PHP\SJ\WebFTP\webftp.php  第62行  
[ 2016-05-25 15:52:59 (CST) ]  NOTICE:  Undefined index: wf_uroot  F:\System\work\PHP\SJ\WebFTP\webftp.php  第63行  
[ 2016-05-25 15:53:17 (CST) ]  NOTICE:  Undefined index: wf_uroot  F:\System\work\PHP\SJ\WebFTP\index.php  第18行  
[ 2016-05-25 15:53:18 (CST) ]  NOTICE:  Undefined index: wf_uroot  F:\System\work\PHP\SJ\WebFTP\webftp.php  第62行  
[ 2016-05-25 15:53:18 (CST) ]  NOTICE:  Undefined index: wf_uroot  F:\System\work\PHP\SJ\WebFTP\webftp.php  第63行  
[ 2016-05-25 15:56:27 (CST) ]  NOTICE:  Undefined variable: filepath  F:\System\work\PHP\SJ\WebFTP\index.php  第12行  
[ 2016-05-25 15:56:27 (CST) ]  NOTICE:  Undefined index: path  F:\System\work\PHP\SJ\WebFTP\webftp.php  第62行  
[ 2016-05-25 15:56:31 (CST) ]  NOTICE:  Undefined variable: filepath  F:\System\work\PHP\SJ\WebFTP\index.php  第12行  
[ 2016-05-25 15:56:31 (CST) ]  NOTICE:  Undefined index: path  F:\System\work\PHP\SJ\WebFTP\webftp.php  第62行  
[ 2016-05-25 15:57:16 (CST) ]  NOTICE:  Undefined index: path  F:\System\work\PHP\SJ\WebFTP\webftp.php  第62行  
[ 2016-05-25 15:57:16 (CST) ]  NOTICE:  Undefined index: filepath  F:\System\work\PHP\SJ\WebFTP\webftp.php  第69行  
[ 2016-05-25 15:57:19 (CST) ]  NOTICE:  Undefined index: path  F:\System\work\PHP\SJ\WebFTP\webftp.php  第62行  
[ 2016-05-25 15:57:19 (CST) ]  NOTICE:  Undefined index: filepath  F:\System\work\PHP\SJ\WebFTP\webftp.php  第69行  
[ 2016-05-25 15:57:26 (CST) ]  NOTICE:  Undefined index: path  F:\System\work\PHP\SJ\WebFTP\webftp.php  第62行  
[ 2016-05-25 15:57:49 (CST) ]  NOTICE:  Undefined index: path  F:\System\work\PHP\SJ\WebFTP\webftp.php  第62行  
[ 2016-05-25 15:57:53 (CST) ]  NOTICE:  Undefined index: path  F:\System\work\PHP\SJ\WebFTP\webftp.php  第62行  
[ 2016-05-25 15:58:00 (CST) ]  NOTICE:  Undefined index: path  F:\System\work\PHP\SJ\WebFTP\webftp.php  第62行  
[ 2016-05-25 15:58:17 (CST) ]  NOTICE:  Undefined index: path  F:\System\work\PHP\SJ\WebFTP\webftp.php  第62行  
[ 2016-05-25 15:58:50 (CST) ]  NOTICE:  Undefined index: path  F:\System\work\PHP\SJ\WebFTP\webftp.php  第62行  
[ 2016-05-25 15:58:57 (CST) ]  NOTICE:  Undefined index: path  F:\System\work\PHP\SJ\WebFTP\webftp.php  第62行  
[ 2016-05-25 15:59:47 (CST) ]  NOTICE:  Undefined index: path  F:\System\work\PHP\SJ\WebFTP\webftp.php  第62行  
[ 2016-05-25 16:00:16 (CST) ]  NOTICE:  Undefined index: path  F:\System\work\PHP\SJ\WebFTP\webftp.php  第62行  
[ 2016-05-25 16:00:37 (CST) ]  NOTICE:  Undefined index: path  F:\System\work\PHP\SJ\WebFTP\webftp.php  第62行  
[ 2016-05-25 16:00:37 (CST) ]  NOTICE:  Undefined index: filepath  F:\System\work\PHP\SJ\WebFTP\webftp.php  第69行  
[ 2016-05-25 16:00:39 (CST) ]  NOTICE:  Undefined index: path  F:\System\work\PHP\SJ\WebFTP\webftp.php  第62行  
[ 2016-05-25 16:00:39 (CST) ]  NOTICE:  Undefined index: filepath  F:\System\work\PHP\SJ\WebFTP\webftp.php  第69行  
[ 2016-05-25 16:01:00 (CST) ]  NOTICE:  Undefined index: path  F:\System\work\PHP\SJ\WebFTP\webftp.php  第62行  
[ 2016-05-25 16:01:00 (CST) ]  NOTICE:  Undefined index: filepath  F:\System\work\PHP\SJ\WebFTP\webftp.php  第69行  
[ 2016-05-25 16:01:16 (CST) ]  NOTICE:  Undefined index: path  F:\System\work\PHP\SJ\WebFTP\webftp.php  第62行  
[ 2016-05-25 16:01:58 (CST) ]  NOTICE:  Array to string conversion  F:\System\work\PHP\SJ\WebFTP\index.php  第17行  
[ 2016-05-25 16:01:59 (CST) ]  NOTICE:  Undefined index: path  F:\System\work\PHP\SJ\WebFTP\webftp.php  第62行  
[ 2016-05-25 16:02:13 (CST) ]  NOTICE:  Undefined index: path  F:\System\work\PHP\SJ\WebFTP\webftp.php  第62行  
[ 2016-05-25 16:02:47 (CST) ]  NOTICE:  Undefined index: path  F:\System\work\PHP\SJ\WebFTP\webftp.php  第62行  
[ 2016-05-25 16:02:54 (CST) ]  NOTICE:  Undefined index: path  F:\System\work\PHP\SJ\WebFTP\webftp.php  第62行  
[ 2016-05-25 16:03:08 (CST) ]  NOTICE:  Undefined index: filepath  F:\System\work\PHP\SJ\WebFTP\config.php  第101行  
[ 2016-05-25 16:03:09 (CST) ]  NOTICE:  Undefined index: filepath  F:\System\work\PHP\SJ\WebFTP\config.php  第101行  
[ 2016-05-25 16:03:09 (CST) ]  NOTICE:  Undefined index: path  F:\System\work\PHP\SJ\WebFTP\webftp.php  第62行  
[ 2016-05-25 16:03:25 (CST) ]  NOTICE:  Undefined index: filepath  F:\System\work\PHP\SJ\WebFTP\config.php  第101行  
[ 2016-05-25 16:03:25 (CST) ]  NOTICE:  Undefined index: filepath  F:\System\work\PHP\SJ\WebFTP\config.php  第101行  
[ 2016-05-25 16:03:25 (CST) ]  NOTICE:  Undefined index: path  F:\System\work\PHP\SJ\WebFTP\webftp.php  第62行  
[ 2016-05-25 16:03:43 (CST) ]  NOTICE:  Undefined index: path  F:\System\work\PHP\SJ\WebFTP\webftp.php  第62行  
[ 2016-05-25 16:03:48 (CST) ]  NOTICE:  Undefined index: path  F:\System\work\PHP\SJ\WebFTP\webftp.php  第62行  
[ 2016-05-25 16:03:59 (CST) ]  NOTICE:  Undefined index: path  F:\System\work\PHP\SJ\WebFTP\webftp.php  第62行  
[ 2016-05-25 16:04:05 (CST) ]  NOTICE:  Undefined index: path  F:\System\work\PHP\SJ\WebFTP\webftp.php  第62行  
[ 2016-05-25 16:04:25 (CST) ]  NOTICE:  Undefined index: path  F:\System\work\PHP\SJ\WebFTP\webftp.php  第62行  
[ 2016-05-25 16:04:27 (CST) ]  NOTICE:  Undefined index: path  F:\System\work\PHP\SJ\WebFTP\webftp.php  第62行  
[ 2016-05-25 16:04:28 (CST) ]  NOTICE:  Undefined index: path  F:\System\work\PHP\SJ\WebFTP\webftp.php  第62行  
[ 2016-05-25 16:05:38 (CST) ]  NOTICE:  Undefined index: path  F:\System\work\PHP\SJ\WebFTP\webftp.php  第62行  
[ 2016-05-25 16:05:40 (CST) ]  NOTICE:  Undefined index: path  F:\System\work\PHP\SJ\WebFTP\webftp.php  第62行  
[ 2016-05-25 16:05:56 (CST) ]  NOTICE:  Undefined index: path  F:\System\work\PHP\SJ\WebFTP\webftp.php  第62行  
[ 2016-05-25 16:06:18 (CST) ]  NOTICE:  Undefined index: path  F:\System\work\PHP\SJ\WebFTP\webftp.php  第62行  
[ 2016-05-25 16:06:40 (CST) ]  NOTICE:  Undefined index: path  F:\System\work\PHP\SJ\WebFTP\webftp.php  第62行  
[ 2016-05-25 16:06:52 (CST) ]  NOTICE:  Undefined index: path  F:\System\work\PHP\SJ\WebFTP\webftp.php  第62行  
[ 2016-05-25 16:07:15 (CST) ]  NOTICE:  Undefined index: path  F:\System\work\PHP\SJ\WebFTP\webftp.php  第62行  
[ 2016-05-25 16:07:29 (CST) ]  NOTICE:  Undefined index: path  F:\System\work\PHP\SJ\WebFTP\webftp.php  第62行  
[ 2016-05-25 16:07:53 (CST) ]  NOTICE:  Undefined index: path  F:\System\work\PHP\SJ\WebFTP\webftp.php  第62行  
[ 2016-05-25 16:07:56 (CST) ]  NOTICE:  Undefined index: path  F:\System\work\PHP\SJ\WebFTP\webftp.php  第62行  
[ 2016-05-25 16:08:29 (CST) ]  NOTICE:  Undefined index: path  F:\System\work\PHP\SJ\WebFTP\webftp.php  第62行  
[ 2016-05-25 16:09:00 (CST) ]  NOTICE:  Undefined index: path  F:\System\work\PHP\SJ\WebFTP\webftp.php  第62行  
[ 2016-05-25 16:09:49 (CST) ]  NOTICE:  Undefined index: path  F:\System\work\PHP\SJ\WebFTP\webftp.php  第62行  
[ 2016-05-25 16:10:03 (CST) ]  NOTICE:  Undefined index: path  F:\System\work\PHP\SJ\WebFTP\webftp.php  第62行  
[ 2016-05-25 16:10:25 (CST) ]  NOTICE:  Undefined index: path  F:\System\work\PHP\SJ\WebFTP\webftp.php  第62行  
[ 2016-05-25 16:10:41 (CST) ]  NOTICE:  Undefined index: path  F:\System\work\PHP\SJ\WebFTP\webftp.php  第62行  
[ 2016-05-25 16:11:24 (CST) ]  NOTICE:  Undefined index: path  F:\System\work\PHP\SJ\WebFTP\webftp.php  第62行  
[ 2016-05-25 16:11:50 (CST) ]  NOTICE:  Undefined index: path  F:\System\work\PHP\SJ\WebFTP\webftp.php  第62行  
[ 2016-05-25 16:12:23 (CST) ]  NOTICE:  Undefined index: path  F:\System\work\PHP\SJ\WebFTP\webftp.php  第62行  
[ 2016-05-25 16:12:45 (CST) ]  NOTICE:  Undefined index: path  F:\System\work\PHP\SJ\WebFTP\webftp.php  第62行  
[ 2016-05-25 16:13:42 (CST) ]  NOTICE:  Undefined index: path  F:\System\work\PHP\SJ\WebFTP\webftp.php  第62行  
[ 2016-05-25 16:14:08 (CST) ]  NOTICE:  Undefined index: path  F:\System\work\PHP\SJ\WebFTP\webftp.php  第62行  
[ 2016-05-25 16:15:16 (CST) ]  NOTICE:  Undefined index: path  F:\System\work\PHP\SJ\WebFTP\webftp.php  第64行  
[ 2016-05-25 16:19:28 (CST) ]  NOTICE:  Undefined index: path  F:\System\work\PHP\SJ\WebFTP\webftp.php  第63行  
[ 2016-05-25 16:19:50 (CST) ]  NOTICE:  Undefined index: path  F:\System\work\PHP\SJ\WebFTP\webftp.php  第63行  
[ 2016-05-25 16:19:56 (CST) ]  NOTICE:  Undefined index: path  F:\System\work\PHP\SJ\WebFTP\webftp.php  第63行  
[ 2016-05-25 16:20:21 (CST) ]  NOTICE:  Undefined index: path  F:\System\work\PHP\SJ\WebFTP\webftp.php  第63行  
[ 2016-05-25 16:20:25 (CST) ]  NOTICE:  Undefined index: path  F:\System\work\PHP\SJ\WebFTP\webftp.php  第63行  
[ 2016-05-25 16:20:38 (CST) ]  NOTICE:  Undefined index: path  F:\System\work\PHP\SJ\WebFTP\webftp.php  第63行  
[ 2016-05-25 16:20:52 (CST) ]  NOTICE:  Undefined index: path  F:\System\work\PHP\SJ\WebFTP\webftp.php  第63行  
[ 2016-05-25 16:20:58 (CST) ]  NOTICE:  Undefined index: path  F:\System\work\PHP\SJ\WebFTP\webftp.php  第63行  
[ 2016-05-25 16:21:11 (CST) ]  NOTICE:  Undefined index: path  F:\System\work\PHP\SJ\WebFTP\webftp.php  第63行  
[ 2016-05-25 16:21:25 (CST) ]  NOTICE:  Undefined index: path  F:\System\work\PHP\SJ\WebFTP\webftp.php  第63行  
[ 2016-05-25 16:23:31 (CST) ]  NOTICE:  Undefined index: path  F:\System\work\PHP\SJ\WebFTP\webftp.php  第63行  
[ 2016-05-25 16:23:43 (CST) ]  NOTICE:  Undefined index: path  F:\System\work\PHP\SJ\WebFTP\webftp.php  第63行  
[ 2016-05-25 16:23:59 (CST) ]  NOTICE:  Undefined index: path  F:\System\work\PHP\SJ\WebFTP\webftp.php  第63行  
[ 2016-05-25 16:24:09 (CST) ]  NOTICE:  Undefined index: path  F:\System\work\PHP\SJ\WebFTP\webftp.php  第63行  
[ 2016-05-25 16:24:27 (CST) ]  NOTICE:  Undefined index: path  F:\System\work\PHP\SJ\WebFTP\webftp.php  第63行  
[ 2016-05-25 16:24:48 (CST) ]  NOTICE:  Undefined index: path  F:\System\work\PHP\SJ\WebFTP\webftp.php  第63行  
[ 2016-05-25 16:24:52 (CST) ]  NOTICE:  Undefined index: path  F:\System\work\PHP\SJ\WebFTP\webftp.php  第63行  
[ 2016-05-25 16:25:33 (CST) ]  NOTICE:  Undefined index: path  F:\System\work\PHP\SJ\WebFTP\webftp.php  第63行  
[ 2016-05-25 16:25:46 (CST) ]  NOTICE:  Undefined index: path  F:\System\work\PHP\SJ\WebFTP\webftp.php  第63行  
[ 2016-05-25 16:26:14 (CST) ]  NOTICE:  Undefined index: path  F:\System\work\PHP\SJ\WebFTP\webftp.php  第63行  
[ 2016-05-25 16:26:29 (CST) ]  NOTICE:  Undefined index: path  F:\System\work\PHP\SJ\WebFTP\webftp.php  第63行  
[ 2016-05-25 16:27:28 (CST) ]  NOTICE:  Undefined index: path  F:\System\work\PHP\SJ\WebFTP\webftp.php  第63行  
[ 2016-05-25 16:28:45 (CST) ]  NOTICE:  Undefined index: path  F:\System\work\PHP\SJ\WebFTP\webftp.php  第63行  
[ 2016-05-25 16:29:02 (CST) ]  NOTICE:  Undefined index: path  F:\System\work\PHP\SJ\WebFTP\webftp.php  第63行  
[ 2016-05-25 16:29:52 (CST) ]  NOTICE:  Undefined index: path  F:\System\work\PHP\SJ\WebFTP\webftp.php  第63行  
[ 2016-05-25 16:30:13 (CST) ]  NOTICE:  Undefined index: path  F:\System\work\PHP\SJ\WebFTP\webftp.php  第63行  
[ 2016-05-25 16:30:31 (CST) ]  NOTICE:  Undefined index: path  F:\System\work\PHP\SJ\WebFTP\webftp.php  第63行  
[ 2016-05-25 16:30:46 (CST) ]  NOTICE:  Undefined index: path  F:\System\work\PHP\SJ\WebFTP\webftp.php  第63行  
[ 2016-05-25 16:31:06 (CST) ]  NOTICE:  Undefined index: path  F:\System\work\PHP\SJ\WebFTP\webftp.php  第63行  
[ 2016-05-25 16:32:48 (CST) ]  NOTICE:  Undefined index: path  F:\System\work\PHP\SJ\WebFTP\webftp.php  第63行  
[ 2016-05-25 16:35:37 (CST) ]  NOTICE:  Only variables should be passed by reference  F:\System\work\PHP\SJ\WebFTP\config.php  第107行  
[ 2016-05-25 16:35:37 (CST) ]  NOTICE:  Only variables should be passed by reference  F:\System\work\PHP\SJ\WebFTP\config.php  第107行  
[ 2016-05-25 16:35:43 (CST) ]  NOTICE:  Only variables should be passed by reference  F:\System\work\PHP\SJ\WebFTP\config.php  第107行  
[ 2016-05-25 16:35:44 (CST) ]  NOTICE:  Only variables should be passed by reference  F:\System\work\PHP\SJ\WebFTP\config.php  第107行  
[ 2016-05-25 16:40:06 (CST) ]  NOTICE:  Undefined index: path  F:\System\work\PHP\SJ\WebFTP\webftp.php  第32行  
[ 2016-05-25 16:50:51 (CST) ]  NOTICE:  Undefined index: path  F:\System\work\PHP\SJ\WebFTP\webftp.php  第64行  
[ 2016-05-25 16:51:10 (CST) ]  NOTICE:  Undefined index: path  F:\System\work\PHP\SJ\WebFTP\webftp.php  第64行  
[ 2016-05-25 16:51:13 (CST) ]  NOTICE:  Undefined index: path  F:\System\work\PHP\SJ\WebFTP\webftp.php  第64行  
[ 2016-05-25 16:51:19 (CST) ]  NOTICE:  Undefined index: path  F:\System\work\PHP\SJ\WebFTP\webftp.php  第64行  
[ 2016-05-25 16:51:39 (CST) ]  NOTICE:  Undefined index: path  F:\System\work\PHP\SJ\WebFTP\webftp.php  第64行  
[ 2016-05-25 16:54:05 (CST) ]  NOTICE:  Undefined index: path  F:\System\work\PHP\SJ\WebFTP\webftp.php  第64行  
[ 2016-05-25 16:54:15 (CST) ]  NOTICE:  Undefined index: path  F:\System\work\PHP\SJ\WebFTP\webftp.php  第64行  
[ 2016-05-25 16:54:32 (CST) ]  NOTICE:  Undefined index: path  F:\System\work\PHP\SJ\WebFTP\webftp.php  第64行  
[ 2016-05-25 16:55:45 (CST) ]  NOTICE:  Undefined index: path  F:\System\work\PHP\SJ\WebFTP\webftp.php  第64行  
[ 2016-05-25 16:56:18 (CST) ]  NOTICE:  Undefined index: path  F:\System\work\PHP\SJ\WebFTP\webftp.php  第64行  
[ 2016-05-25 16:58:39 (CST) ]  NOTICE:  Undefined index: path  F:\System\work\PHP\SJ\WebFTP\webftp.php  第64行  
[ 2016-05-25 16:59:27 (CST) ]  NOTICE:  Undefined index: path  F:\System\work\PHP\SJ\WebFTP\webftp.php  第64行  
